<?xml version="1.0" encoding="UTF-8"?>
<testsuite name="com.koreait.day21.repository.UserHwRepositoryTest" tests="1" skipped="0" failures="0" errors="0" timestamp="2021-08-18T15:22:19" hostname="SHU" time="0.662">
  <properties/>
  <testcase name="create()" classname="com.koreait.day21.repository.UserHwRepositoryTest" time="0.662"/>
  <system-out><![CDATA[00:22:03.882 [Test worker] DEBUG org.springframework.test.context.BootstrapUtils - Instantiating CacheAwareContextLoaderDelegate from class [org.springframework.test.context.cache.DefaultCacheAwareContextLoaderDelegate]
00:22:03.903 [Test worker] DEBUG org.springframework.test.context.BootstrapUtils - Instantiating BootstrapContext using constructor [public org.springframework.test.context.support.DefaultBootstrapContext(java.lang.Class,org.springframework.test.context.CacheAwareContextLoaderDelegate)]
00:22:03.968 [Test worker] DEBUG org.springframework.test.context.BootstrapUtils - Instantiating TestContextBootstrapper for test class [com.koreait.day21.repository.UserHwRepositoryTest] from class [org.springframework.boot.test.context.SpringBootTestContextBootstrapper]
00:22:03.989 [Test worker] INFO org.springframework.boot.test.context.SpringBootTestContextBootstrapper - Neither @ContextConfiguration nor @ContextHierarchy found for test class [com.koreait.day21.repository.UserHwRepositoryTest], using SpringBootContextLoader
00:22:03.997 [Test worker] DEBUG org.springframework.test.context.support.AbstractContextLoader - Did not detect default resource location for test class [com.koreait.day21.repository.UserHwRepositoryTest]: class path resource [com/koreait/day21/repository/UserHwRepositoryTest-context.xml] does not exist
00:22:03.999 [Test worker] DEBUG org.springframework.test.context.support.AbstractContextLoader - Did not detect default resource location for test class [com.koreait.day21.repository.UserHwRepositoryTest]: class path resource [com/koreait/day21/repository/UserHwRepositoryTestContext.groovy] does not exist
00:22:03.999 [Test worker] INFO org.springframework.test.context.support.AbstractContextLoader - Could not detect default resource locations for test class [com.koreait.day21.repository.UserHwRepositoryTest]: no resource found for suffixes {-context.xml, Context.groovy}.
00:22:04.001 [Test worker] INFO org.springframework.test.context.support.AnnotationConfigContextLoaderUtils - Could not detect default configuration classes for test class [com.koreait.day21.repository.UserHwRepositoryTest]: UserHwRepositoryTest does not declare any static, non-private, non-final, nested classes annotated with @Configuration.
00:22:04.078 [Test worker] DEBUG org.springframework.test.context.support.ActiveProfilesUtils - Could not find an 'annotation declaring class' for annotation type [org.springframework.test.context.ActiveProfiles] and class [com.koreait.day21.repository.UserHwRepositoryTest]
00:22:04.182 [Test worker] DEBUG org.springframework.context.annotation.ClassPathScanningCandidateComponentProvider - Identified candidate component class: file [C:\SHUIT_2\Spring\homework_0819\build\classes\java\main\com\koreait\day21\Day21Application.class]
00:22:04.185 [Test worker] INFO org.springframework.boot.test.context.SpringBootTestContextBootstrapper - Found @SpringBootConfiguration com.koreait.day21.Day21Application for test class com.koreait.day21.repository.UserHwRepositoryTest
00:22:04.373 [Test worker] DEBUG org.springframework.boot.test.context.SpringBootTestContextBootstrapper - @TestExecutionListeners is not present for class [com.koreait.day21.repository.UserHwRepositoryTest]: using defaults.
00:22:04.374 [Test worker] INFO org.springframework.boot.test.context.SpringBootTestContextBootstrapper - Loaded default TestExecutionListener class names from location [META-INF/spring.factories]: [org.springframework.boot.test.autoconfigure.restdocs.RestDocsTestExecutionListener, org.springframework.boot.test.autoconfigure.web.client.MockRestServiceServerResetTestExecutionListener, org.springframework.boot.test.autoconfigure.web.servlet.MockMvcPrintOnlyOnFailureTestExecutionListener, org.springframework.boot.test.autoconfigure.web.servlet.WebDriverTestExecutionListener, org.springframework.boot.test.autoconfigure.webservices.client.MockWebServiceServerTestExecutionListener, org.springframework.boot.test.mock.mockito.MockitoTestExecutionListener, org.springframework.boot.test.mock.mockito.ResetMocksTestExecutionListener, org.springframework.test.context.web.ServletTestExecutionListener, org.springframework.test.context.support.DirtiesContextBeforeModesTestExecutionListener, org.springframework.test.context.event.ApplicationEventsTestExecutionListener, org.springframework.test.context.support.DependencyInjectionTestExecutionListener, org.springframework.test.context.support.DirtiesContextTestExecutionListener, org.springframework.test.context.transaction.TransactionalTestExecutionListener, org.springframework.test.context.jdbc.SqlScriptsTestExecutionListener, org.springframework.test.context.event.EventPublishingTestExecutionListener]
00:22:04.408 [Test worker] INFO org.springframework.boot.test.context.SpringBootTestContextBootstrapper - Using TestExecutionListeners: [org.springframework.test.context.web.ServletTestExecutionListener@9610ee6, org.springframework.test.context.support.DirtiesContextBeforeModesTestExecutionListener@31acad20, org.springframework.test.context.event.ApplicationEventsTestExecutionListener@1a55b29d, org.springframework.boot.test.mock.mockito.MockitoTestExecutionListener@4bc8dd00, org.springframework.boot.test.autoconfigure.SpringBootDependencyInjectionTestExecutionListener@4adfeca1, org.springframework.test.context.support.DirtiesContextTestExecutionListener@1ece9d77, org.springframework.test.context.transaction.TransactionalTestExecutionListener@29380569, org.springframework.test.context.jdbc.SqlScriptsTestExecutionListener@2495fd93, org.springframework.test.context.event.EventPublishingTestExecutionListener@111ab744, org.springframework.boot.test.autoconfigure.restdocs.RestDocsTestExecutionListener@7b55a535, org.springframework.boot.test.autoconfigure.web.client.MockRestServiceServerResetTestExecutionListener@12afe47b, org.springframework.boot.test.autoconfigure.web.servlet.MockMvcPrintOnlyOnFailureTestExecutionListener@19ddfad8, org.springframework.boot.test.autoconfigure.web.servlet.WebDriverTestExecutionListener@5d39ce30, org.springframework.boot.test.autoconfigure.webservices.client.MockWebServiceServerTestExecutionListener@b13b4af, org.springframework.boot.test.mock.mockito.ResetMocksTestExecutionListener@66f2058a]
00:22:04.417 [Test worker] DEBUG org.springframework.test.context.support.AbstractDirtiesContextTestExecutionListener - Before test class: context [DefaultTestContext@491016d5 testClass = UserHwRepositoryTest, testInstance = [null], testMethod = [null], testException = [null], mergedContextConfiguration = [WebMergedContextConfiguration@c0732ce testClass = UserHwRepositoryTest, locations = '{}', classes = '{class com.koreait.day21.Day21Application}', contextInitializerClasses = '[]', activeProfiles = '{}', propertySourceLocations = '{}', propertySourceProperties = '{org.springframework.boot.test.context.SpringBootTestContextBootstrapper=true}', contextCustomizers = set[org.springframework.boot.test.autoconfigure.actuate.metrics.MetricsExportContextCustomizerFactory$DisableMetricExportContextCustomizer@42ed186, org.springframework.boot.test.autoconfigure.properties.PropertyMappingContextCustomizer@0, org.springframework.boot.test.autoconfigure.web.servlet.WebDriverContextCustomizerFactory$Customizer@2d504cc1, org.springframework.boot.test.context.filter.ExcludeFilterContextCustomizer@38280c5b, org.springframework.boot.test.json.DuplicateJsonObjectContextCustomizerFactory$DuplicateJsonObjectContextCustomizer@3a2950ed, org.springframework.boot.test.mock.mockito.MockitoContextCustomizer@0, org.springframework.boot.test.web.client.TestRestTemplateContextCustomizer@530ccb84, org.springframework.boot.test.context.SpringBootTestArgs@1, org.springframework.boot.test.context.SpringBootTestWebEnvironment@14693c8c], resourceBasePath = 'src/main/webapp', contextLoader = 'org.springframework.boot.test.context.SpringBootContextLoader', parent = [null]], attributes = map['org.springframework.test.context.web.ServletTestExecutionListener.activateListener' -> true]], class annotated with @DirtiesContext [false] with mode [null].
00:22:04.470 [Test worker] DEBUG org.springframework.test.context.support.TestPropertySourceUtils - Adding inlined properties to environment: {spring.jmx.enabled=false, org.springframework.boot.test.context.SpringBootTestContextBootstrapper=true}

  .   ____          _            __ _ _
 /\\ / ___'_ __ _ _(_)_ __  __ _ \ \ \ \
( ( )\___ | '_ | '_| | '_ \/ _` | \ \ \ \
 \\/  ___)| |_)| | | | | || (_| |  ) ) ) )
  '  |____| .__|_| |_|_| |_\__, | / / / /
 =========|_|==============|___/=/_/_/_/
 :: Spring Boot ::                (v2.5.3)

2021-08-19 00:22:05.138  INFO 452 --- [    Test worker] c.k.d.repository.UserHwRepositoryTest    : Starting UserHwRepositoryTest using Java 11.0.11 on SHU with PID 452 (started by SHU in C:\SHUIT_2\Spring\homework_0819)
2021-08-19 00:22:05.143  INFO 452 --- [    Test worker] c.k.d.repository.UserHwRepositoryTest    : No active profile set, falling back to default profiles: default
2021-08-19 00:22:06.503  INFO 452 --- [    Test worker] .s.d.r.c.RepositoryConfigurationDelegate : Bootstrapping Spring Data JPA repositories in DEFAULT mode.
2021-08-19 00:22:06.599  INFO 452 --- [    Test worker] .s.d.r.c.RepositoryConfigurationDelegate : Finished Spring Data repository scanning in 74 ms. Found 1 JPA repository interfaces.
2021-08-19 00:22:06.788  WARN 452 --- [    Test worker] o.m.s.mapper.ClassPathMapperScanner      : No MyBatis mapper was found in '[com.koreait.day21]' package. Please check your configuration.
2021-08-19 00:22:07.713  INFO 452 --- [    Test worker] com.zaxxer.hikari.HikariDataSource       : HikariPool-1 - Starting...
2021-08-19 00:22:09.779  INFO 452 --- [    Test worker] com.zaxxer.hikari.HikariDataSource       : HikariPool-1 - Start completed.
2021-08-19 00:22:10.083  INFO 452 --- [    Test worker] o.hibernate.jpa.internal.util.LogHelper  : HHH000204: Processing PersistenceUnitInfo [name: default]
2021-08-19 00:22:10.492  INFO 452 --- [    Test worker] org.hibernate.Version                    : HHH000412: Hibernate ORM core version 5.4.32.Final
2021-08-19 00:22:11.671  INFO 452 --- [    Test worker] o.hibernate.annotations.common.Version   : HCANN000001: Hibernate Commons Annotations {5.1.2.Final}
2021-08-19 00:22:12.474  INFO 452 --- [    Test worker] org.hibernate.dialect.Dialect            : HHH000400: Using dialect: org.hibernate.dialect.Oracle12cDialect
2021-08-19 00:22:15.428  INFO 452 --- [    Test worker] o.h.e.t.j.p.i.JtaPlatformInitiator       : HHH000490: Using JtaPlatform implementation: [org.hibernate.engine.transaction.jta.platform.internal.NoJtaPlatform]
2021-08-19 00:22:15.461  INFO 452 --- [    Test worker] j.LocalContainerEntityManagerFactoryBean : Initialized JPA EntityManagerFactory for persistence unit 'default'
2021-08-19 00:22:16.112  WARN 452 --- [    Test worker] JpaBaseConfiguration$JpaWebConfiguration : spring.jpa.open-in-view is enabled by default. Therefore, database queries may be performed during view rendering. Explicitly configure spring.jpa.open-in-view to disable this warning
2021-08-19 00:22:19.002  INFO 452 --- [    Test worker] c.k.d.repository.UserHwRepositoryTest    : Started UserHwRepositoryTest in 14.518 seconds (JVM running for 17.446)
]]></system-out>
  <system-err><![CDATA[]]></system-err>
</testsuite>
